[debug] [2019-05-13T04:19:08.329Z] ----------------------------------------------------------------------
[debug] [2019-05-13T04:19:08.331Z] Command:       C:\Program Files\nodejs\node.exe C:\Users\chris\AppData\Local\Yarn\Data\global\node_modules\firebase-tools\lib\bin\firebase.js serve
[debug] [2019-05-13T04:19:08.331Z] CLI Version:   6.6.0
[debug] [2019-05-13T04:19:08.332Z] Platform:      win32
[debug] [2019-05-13T04:19:08.332Z] Node Version:  v10.15.3
[debug] [2019-05-13T04:19:08.333Z] Time:          Sun May 12 2019 23:19:08 GMT-0500 (Central Daylight Time)
[debug] [2019-05-13T04:19:08.333Z] ----------------------------------------------------------------------
[debug] 
[debug] [2019-05-13T04:19:08.344Z] > command requires scopes: ["email","openid","https://www.googleapis.com/auth/cloudplatformprojects.readonly","https://www.googleapis.com/auth/firebase","https://www.googleapis.com/auth/cloud-platform"]
[debug] [2019-05-13T04:19:08.346Z] > authorizing via signed-in user
[debug] [2019-05-13T04:19:08.346Z] [iam] checking project pokeguesser for permissions ["firebase.projects.get"]
[debug] [2019-05-13T04:19:08.348Z] > refreshing access token with scopes: ["email","https://www.googleapis.com/auth/cloud-platform","https://www.googleapis.com/auth/cloudplatformprojects.readonly","https://www.googleapis.com/auth/firebase","openid"]
[debug] [2019-05-13T04:19:08.349Z] >>> HTTP REQUEST POST https://www.googleapis.com/oauth2/v3/token  
 <request body omitted>
[debug] [2019-05-13T04:19:08.570Z] <<< HTTP RESPONSE 200
[debug] [2019-05-13T04:19:08.591Z] >>> HTTP REQUEST POST https://cloudresourcemanager.googleapis.com/v1/projects/pokeguesser:testIamPermissions  

[debug] [2019-05-13T04:19:08.740Z] <<< HTTP RESPONSE 200
[debug] [2019-05-13T04:19:08.743Z] >>> HTTP REQUEST GET https://cloudresourcemanager.googleapis.com/v1/projects/pokeguesser  
 
[debug] [2019-05-13T04:19:08.972Z] <<< HTTP RESPONSE 200
[info] 
[info] === Serving from 'C:\Users\chris\poke'...
[info] 
[warn] !  functions: Cannot start emulator. Error: Cannot find module '@google-cloud/functions-emulator/src/config'
[debug] [2019-05-13T04:19:08.981Z] >>> HTTP REQUEST GET https://mobilesdk-pa.googleapis.com/v1/projects/1075048373944/clients/_:getWebAppConfig  
 
[debug] [2019-05-13T04:19:09.196Z] <<< HTTP RESPONSE 200
[info] i  hosting: Serving hosting files from: build
[info] +  hosting: Local server: http://localhost:5000
